c:\users\admin computer\source\repos\lab_5.1\lab_5.1\x64\debug\vc143.pdb
c:\users\admin computer\source\repos\lab_5.1\lab_5.1\x64\debug\vc143.idb
c:\users\admin computer\source\repos\lab_5.1\lab_5.1\x64\debug\lab_5.1.obj
c:\users\admin computer\source\repos\lab_5.1\lab_5.1\x64\debug\lab_5.1.ilk
c:\users\admin computer\source\repos\lab_5.1\x64\debug\lab_5.1.pdb
c:\users\admin computer\source\repos\lab_5.1\lab_5.1\x64\debug\lab_5.1.tlog\cl.command.1.tlog
c:\users\admin computer\source\repos\lab_5.1\lab_5.1\x64\debug\lab_5.1.tlog\cl.items.tlog
c:\users\admin computer\source\repos\lab_5.1\lab_5.1\x64\debug\lab_5.1.tlog\cl.read.1.tlog
c:\users\admin computer\source\repos\lab_5.1\lab_5.1\x64\debug\lab_5.1.tlog\cl.write.1.tlog
c:\users\admin computer\source\repos\lab_5.1\lab_5.1\x64\debug\lab_5.1.tlog\link.14836-cvtres.read.1.tlog
c:\users\admin computer\source\repos\lab_5.1\lab_5.1\x64\debug\lab_5.1.tlog\link.14836-cvtres.write.1.tlog
c:\users\admin computer\source\repos\lab_5.1\lab_5.1\x64\debug\lab_5.1.tlog\link.14836-rc.read.1.tlog
c:\users\admin computer\source\repos\lab_5.1\lab_5.1\x64\debug\lab_5.1.tlog\link.14836-rc.write.1.tlog
c:\users\admin computer\source\repos\lab_5.1\lab_5.1\x64\debug\lab_5.1.tlog\link.14836.read.1.tlog
c:\users\admin computer\source\repos\lab_5.1\lab_5.1\x64\debug\lab_5.1.tlog\link.14836.read.2.tlog
c:\users\admin computer\source\repos\lab_5.1\lab_5.1\x64\debug\lab_5.1.tlog\link.14836.write.1.tlog
c:\users\admin computer\source\repos\lab_5.1\lab_5.1\x64\debug\lab_5.1.tlog\link.command.1.tlog
c:\users\admin computer\source\repos\lab_5.1\lab_5.1\x64\debug\lab_5.1.tlog\link.read.1.tlog
c:\users\admin computer\source\repos\lab_5.1\lab_5.1\x64\debug\lab_5.1.tlog\link.secondary.1.tlog
c:\users\admin computer\source\repos\lab_5.1\lab_5.1\x64\debug\lab_5.1.tlog\link.write.1.tlog
